<?xml version="1.0" encoding="UTF-8"?>
<!-- Generated by org.testng.reporters.JUnitReportReporter -->
<testsuite hostname="INBook_X1" failures="0" tests="1" name="Demo1.Practice1" time="2.986" errors="0" timestamp="2023-11-12T11:28:21 IST" skipped="0">
  <testcase classname="Demo1.Practice1" name="getUser" time="2.986"/>
  <system-out/>
</testsuite> <!-- Demo1.Practice1 -->
